# JRE version: Java(TM) SE Runtime Environment (8.0_191-b12) (build 1.8.0_191-b12)
# Java VM: Java HotSpot(TM) Client VM (25.191-b12 mixed mode windows-x86 )
Heap:
 def new generation   total 157248K, used 34801K [0x04e00000, 0x0f8a0000, 0x0f8a0000)
  eden space 139776K,  24% used [0x04e00000, 0x06ffc440, 0x0d680000)
  from space 17472K,   0% used [0x0d680000, 0x0d680000, 0x0e790000)
  to   space 17472K,   0% used [0x0e790000, 0x0e790000, 0x0f8a0000)
 tenured generation   total 349568K, used 332362K [0x0f8a0000, 0x24e00000, 0x24e00000)
   the space 349568K,  95% used [0x0f8a0000, 0x23d32858, 0x23d32a00, 0x24e00000)
 Metaspace       used 22279K, capacity 22829K, committed 22912K, reserved 22912K
GC Heap History (10 events):
Event: 47427.149 GC heap before
{Heap before GC invocations=114 (full 5):
 def new generation   total 152832K, used 139030K [0x04e00000, 0x0f3d0000, 0x0f8a0000)
  eden space 135872K, 100% used [0x04e00000, 0x0d2b0000, 0x0d2b0000)
  from space 16960K,  18% used [0x0e340000, 0x0e655b40, 0x0f3d0000)
  to   space 16960K,   0% used [0x0d2b0000, 0x0d2b0000, 0x0e340000)
 tenured generation   total 339488K, used 280316K [0x0f8a0000, 0x24428000, 0x24e00000)
   the space 339488K,  82% used [0x0f8a0000, 0x20a5f268, 0x20a5f400, 0x24428000)
 Metaspace       used 22281K, capacity 22832K, committed 22912K, reserved 22912K
Event: 47427.161 GC heap after
Heap after GC invocations=115 (full 5):
 def new generation   total 152832K, used 5399K [0x04e00000, 0x0f3d0000, 0x0f8a0000)
  eden space 135872K,   0% used [0x04e00000, 0x04e00000, 0x0d2b0000)
  from space 16960K,  31% used [0x0d2b0000, 0x0d7f5dc8, 0x0e340000)
  to   space 16960K,   0% used [0x0e340000, 0x0e340000, 0x0f3d0000)
 tenured generation   total 339488K, used 280316K [0x0f8a0000, 0x24428000, 0x24e00000)
   the space 339488K,  82% used [0x0f8a0000, 0x20a5f268, 0x20a5f400, 0x24428000)
 Metaspace       used 22281K, capacity 22832K, committed 22912K, reserved 22912K
}
Event: 47616.454 GC heap before
{Heap before GC invocations=115 (full 5):
 def new generation   total 152832K, used 141271K [0x04e00000, 0x0f3d0000, 0x0f8a0000)
  eden space 135872K, 100% used [0x04e00000, 0x0d2b0000, 0x0d2b0000)
  from space 16960K,  31% used [0x0d2b0000, 0x0d7f5dc8, 0x0e340000)
  to   space 16960K,   0% used [0x0e340000, 0x0e340000, 0x0f3d0000)
 tenured generation   total 339488K, used 280316K [0x0f8a0000, 0x24428000, 0x24e00000)
   the space 339488K,  82% used [0x0f8a0000, 0x20a5f268, 0x20a5f400, 0x24428000)
 Metaspace       used 22281K, capacity 22832K, committed 22912K, reserved 22912K
Event: 47616.461 GC heap after
Heap after GC invocations=116 (full 5):
 def new generation   total 152832K, used 5584K [0x04e00000, 0x0f3d0000, 0x0f8a0000)
  eden space 135872K,   0% used [0x04e00000, 0x04e00000, 0x0d2b0000)
  from space 16960K,  32% used [0x0e340000, 0x0e8b42f8, 0x0f3d0000)
  to   space 16960K,   0% used [0x0d2b0000, 0x0d2b0000, 0x0e340000)
 tenured generation   total 339488K, used 280316K [0x0f8a0000, 0x24428000, 0x24e00000)
   the space 339488K,  82% used [0x0f8a0000, 0x20a5f268, 0x20a5f400, 0x24428000)
 Metaspace       used 22281K, capacity 22832K, committed 22912K, reserved 22912K
}
Event: 47620.260 GC heap before
{Heap before GC invocations=116 (full 5):
 def new generation   total 152832K, used 141336K [0x04e00000, 0x0f3d0000, 0x0f8a0000)
  eden space 135872K,  99% used [0x04e00000, 0x0d291d78, 0x0d2b0000)
  from space 16960K,  32% used [0x0e340000, 0x0e8b42f8, 0x0f3d0000)
  to   space 16960K,   0% used [0x0d2b0000, 0x0d2b0000, 0x0e340000)
 tenured generation   total 339488K, used 280316K [0x0f8a0000, 0x24428000, 0x24e00000)
   the space 339488K,  82% used [0x0f8a0000, 0x20a5f268, 0x20a5f400, 0x24428000)
 Metaspace       used 22281K, capacity 22832K, committed 22912K, reserved 22912K
Event: 47620.273 GC heap after
Heap after GC invocations=117 (full 5):
 def new generation   total 152832K, used 15991K [0x04e00000, 0x0f3d0000, 0x0f8a0000)
  eden space 135872K,   0% used [0x04e00000, 0x04e00000, 0x0d2b0000)
  from space 16960K,  94% used [0x0d2b0000, 0x0e24ddd8, 0x0e340000)
  to   space 16960K,   0% used [0x0e340000, 0x0e340000, 0x0f3d0000)
 tenured generation   total 339488K, used 287951K [0x0f8a0000, 0x24428000, 0x24e00000)
   the space 339488K,  84% used [0x0f8a0000, 0x211d3fa0, 0x211d4000, 0x24428000)
 Metaspace       used 22281K, capacity 22832K, committed 22912K, reserved 22912K
}
Event: 47622.529 GC heap before
{Heap before GC invocations=117 (full 5):
 def new generation   total 152832K, used 148427K [0x04e00000, 0x0f3d0000, 0x0f8a0000)
  eden space 135872K,  97% used [0x04e00000, 0x0cf55070, 0x0d2b0000)
  from space 16960K,  94% used [0x0d2b0000, 0x0e24ddd8, 0x0e340000)
  to   space 16960K,   0% used [0x0e340000, 0x0e340000, 0x0f3d0000)
 tenured generation   total 339488K, used 287951K [0x0f8a0000, 0x24428000, 0x24e00000)
   the space 339488K,  84% used [0x0f8a0000, 0x211d3fa0, 0x211d4000, 0x24428000)
 Metaspace       used 22281K, capacity 22832K, committed 22912K, reserved 22912K
Event: 47622.559 GC heap after
Heap after GC invocations=118 (full 5):
 def new generation   total 152832K, used 16787K [0x04e00000, 0x0f3d0000, 0x0f8a0000)
  eden space 135872K,   0% used [0x04e00000, 0x04e00000, 0x0d2b0000)
  from space 16960K,  98% used [0x0e340000, 0x0f3a4c48, 0x0f3d0000)
  to   space 16960K,   0% used [0x0d2b0000, 0x0d2b0000, 0x0e340000)
 tenured generation   total 339488K, used 314696K [0x0f8a0000, 0x24428000, 0x24e00000)
   the space 339488K,  92% used [0x0f8a0000, 0x22bf20c0, 0x22bf2200, 0x24428000)
 Metaspace       used 22281K, capacity 22832K, committed 22912K, reserved 22912K
}
Event: 47624.648 GC heap before
{Heap before GC invocations=118 (full 5):
 def new generation   total 152832K, used 151212K [0x04e00000, 0x0f3d0000, 0x0f8a0000)
  eden space 135872K,  98% used [0x04e00000, 0x0d146488, 0x0d2b0000)
  from space 16960K,  98% used [0x0e340000, 0x0f3a4c48, 0x0f3d0000)
  to   space 16960K,   0% used [0x0d2b0000, 0x0d2b0000, 0x0e340000)
 tenured generation   total 339488K, used 314696K [0x0f8a0000, 0x24428000, 0x24e00000)
   the space 339488K,  92% used [0x0f8a0000, 0x22bf20c0, 0x22bf2200, 0x24428000)
 Metaspace       used 22281K, capacity 22832K, committed 22912K, reserved 22912K
Event: 47625.131 GC heap after
Heap after GC invocations=119 (full 6):
 def new generation   total 157248K, used 0K [0x04e00000, 0x0f8a0000, 0x0f8a0000)
  eden space 139776K,   0% used [0x04e00000, 0x04e00000, 0x0d680000)
  from space 17472K,   0% used [0x0d680000, 0x0d680000, 0x0e790000)
  to   space 17472K,   0% used [0x0e790000, 0x0e790000, 0x0f8a0000)
 tenured generation   total 349568K, used 332362K [0x0f8a0000, 0x24e00000, 0x24e00000)
   the space 349568K,  95% used [0x0f8a0000, 0x23d32858, 0x23d32a00, 0x24e00000)
 Metaspace       used 22279K, capacity 22829K, committed 22912K, reserved 22912K
}

